<?xml version="1.0" encoding="UTF-8"?>
<!-- Generated by org.testng.reporters.JUnitReportReporter -->
<testsuite skipped="0" hostname="DESKTOP-N308L1J" name="test.AddCustomerTest" tests="1" failures="0" timestamp="21 Nov 2020 18:17:26 GMT" time="29.760" errors="0">
  <testcase name="validUserShouldBeAbleToAddCustomerFromListPageVerifySearch" time="29.760" classname="test.AddCustomerTest"/>
</testsuite> <!-- test.AddCustomerTest -->
